<?xml version="1.0" encoding="UTF-8"?>
<!-- Generated by org.testng.reporters.JUnitReportReporter -->
<testsuite hostname="LAPTOP-HF93BKE2" failures="0" tests="1" name="TestNG_with_POM.demo1" time="1.330" errors="0" timestamp="2022-08-17T15:54:35 IST" skipped="0">
  <testcase classname="TestNG_with_POM.demo1" name="VerifyUserID" time="1.330"/>
  <system-out/>
</testsuite> <!-- TestNG_with_POM.demo1 -->
