<?xml version="1.0" encoding="UTF-8"?>
<!-- Generated by org.testng.reporters.JUnitReportReporter -->
<testsuite hostname="LAPTOP-HF93BKE2" failures="0" tests="3" name="Test_NG.example2_TestNG_keyword2_enabled" time="0.007" errors="0" timestamp="2022-08-19T15:59:58 IST" skipped="1">
  <testcase classname="Test_NG.example2_TestNG_keyword2_enabled" name="TC1" time="0.007"/>
  <system-out>
    <![CDATA[--running TC1--]]>
  </system-out>
  <testcase classname="Test_NG.example2_TestNG_keyword2_enabled" name="TC3" time="0.000"/>
  <system-out>
    <![CDATA[--running TC3--]]>
  </system-out>
  <testcase classname="Test_NG.example2_TestNG_keyword2_enabled" name="TC2">
    <skipped/>
  </testcase> <!-- TC2 -->
  <system-out/>
</testsuite> <!-- Test_NG.example2_TestNG_keyword2_enabled -->
