<?xml version="1.0" encoding="UTF-8"?>
<!-- Generated by org.testng.reporters.JUnitReportReporter -->
<testsuite hostname="LAPTOP-HF93BKE2" failures="0" tests="3" name="Test_NG.example7_keyword5_dependsOnMethod2" time="0.009" errors="0" timestamp="2022-08-19T16:09:13 IST" skipped="0">
  <testcase classname="Test_NG.example7_keyword5_dependsOnMethod2" name="logout" time="0.001"/>
  <system-out>
    <![CDATA[running logout]]>
  </system-out>
  <testcase classname="Test_NG.example7_keyword5_dependsOnMethod2" name="login2" time="0.000"/>
  <system-out>
    <![CDATA[running login2]]>
  </system-out>
  <testcase classname="Test_NG.example7_keyword5_dependsOnMethod2" name="login1" time="0.008"/>
  <system-out>
    <![CDATA[running login1]]>
  </system-out>
</testsuite> <!-- Test_NG.example7_keyword5_dependsOnMethod2 -->
