<?xml version="1.0" encoding="UTF-8"?>
<!-- Generated by org.testng.reporters.JUnitReportReporter -->
<testsuite hostname="LAPTOP-HF93BKE2" failures="0" tests="2" name="Test_NG.demo4_TestNG_Annotation" time="0.008" errors="0" timestamp="2022-08-19T15:55:21 IST" skipped="0">
  <testcase classname="Test_NG.demo4_TestNG_Annotation" name="VerifyUserID2" time="0.002"/>
  <system-out>
    <![CDATA[--verify user ID2--]]>
  </system-out>
  <testcase classname="Test_NG.demo4_TestNG_Annotation" name="VerifyUserID1" time="0.006"/>
  <system-out>
    <![CDATA[--running verify user ID1--]]>
  </system-out>
</testsuite> <!-- Test_NG.demo4_TestNG_Annotation -->
