<?xml version="1.0" encoding="UTF-8"?>
<!-- Generated by org.testng.reporters.JUnitReportReporter -->
<testsuite hostname="LAPTOP-HF93BKE2" failures="0" tests="1" name="Test_NG.TestNG_AssertClass2_assertNotEquals" time="0.008" errors="0" timestamp="2022-08-19T16:11:14 IST" skipped="0">
  <testcase classname="Test_NG.TestNG_AssertClass2_assertNotEquals" name="TC2" time="0.008"/>
  <system-out/>
</testsuite> <!-- Test_NG.TestNG_AssertClass2_assertNotEquals -->
