<?xml version="1.0" encoding="UTF-8"?>
<!-- Generated by org.testng.reporters.JUnitReportReporter -->
<testsuite hostname="LAPTOP-HF93BKE2" failures="0" tests="1" name="TestNG_Base_And_Utility_Class.KiteLoginTest" time="2.767" errors="0" timestamp="2022-08-18T16:12:50 IST" skipped="0">
  <testcase classname="TestNG_Base_And_Utility_Class.KiteLoginTest" name="verifyUserID" time="2.767"/>
  <system-out/>
</testsuite> <!-- TestNG_Base_And_Utility_Class.KiteLoginTest -->
