<?xml version="1.0" encoding="UTF-8"?>
<!-- Generated by org.testng.reporters.JUnitReportReporter -->
<testsuite hostname="LAPTOP-HF93BKE2" failures="0" tests="1" name="Test_NG.TestNG_Grouping2" time="0.001" errors="0" timestamp="2022-08-14T09:46:06 IST" skipped="0">
  <testcase classname="Test_NG.TestNG_Grouping2" name="TC8" time="0.001"/>
  <system-out>
    <![CDATA[running TC8]]>
  </system-out>
</testsuite> <!-- Test_NG.TestNG_Grouping2 -->
