<?xml version="1.0" encoding="UTF-8"?>
<!-- Generated by org.testng.reporters.JUnitReportReporter -->
<testsuite hostname="LAPTOP-HF93BKE2" failures="0" tests="1" name="Test_NG.TestNG_Parallel_Execution2" time="4.969" errors="0" timestamp="2022-08-14T10:03:11 IST" skipped="0">
  <testcase classname="Test_NG.TestNG_Parallel_Execution2" name="openKiteApp" time="4.969"/>
  <system-out/>
</testsuite> <!-- Test_NG.TestNG_Parallel_Execution2 -->
