<?xml version="1.0" encoding="UTF-8"?>
<!-- Generated by org.testng.reporters.JUnitReportReporter -->
<testsuite hostname="LAPTOP-HF93BKE2" failures="0" tests="4" name="Test_NG.example4_TestNG_keyword3_priority2" time="0.010" errors="0" timestamp="2022-08-19T16:03:47 IST" skipped="0">
  <testcase classname="Test_NG.example4_TestNG_keyword3_priority2" name="TC1" time="0.008"/>
  <system-out>
    <![CDATA[--running TC1--]]>
  </system-out>
  <testcase classname="Test_NG.example4_TestNG_keyword3_priority2" name="TC3" time="0.001"/>
  <system-out>
    <![CDATA[--running TC3--]]>
  </system-out>
  <testcase classname="Test_NG.example4_TestNG_keyword3_priority2" name="TC2" time="0.000"/>
  <system-out>
    <![CDATA[--running TC2--]]>
  </system-out>
  <testcase classname="Test_NG.example4_TestNG_keyword3_priority2" name="TC4" time="0.001"/>
  <system-out>
    <![CDATA[--running TC4--]]>
  </system-out>
</testsuite> <!-- Test_NG.example4_TestNG_keyword3_priority2 -->
