<?xml version="1.0" encoding="UTF-8"?>
<!-- Generated by org.testng.reporters.JUnitReportReporter -->
<testsuite hostname="LAPTOP-HF93BKE2" failures="0" tests="2" name="Test_NG.TestNG_demo1_Failed_XML_And_Disable_TCE_From_TestSuit" time="0.009" errors="0" timestamp="2022-08-14T10:31:01 IST" skipped="0">
  <testcase classname="Test_NG.TestNG_demo1_Failed_XML_And_Disable_TCE_From_TestSuit" name="TC2" time="0.000"/>
  <system-out>
    <![CDATA[running TC2]]>
  </system-out>
  <testcase classname="Test_NG.TestNG_demo1_Failed_XML_And_Disable_TCE_From_TestSuit" name="TC1" time="0.009"/>
  <system-out>
    <![CDATA[running TC1]]>
  </system-out>
</testsuite> <!-- Test_NG.TestNG_demo1_Failed_XML_And_Disable_TCE_From_TestSuit -->
