<?xml version="1.0" encoding="UTF-8"?>
<!-- Generated by org.testng.reporters.JUnitReportReporter -->
<testsuite hostname="LAPTOP-HF93BKE2" failures="0" tests="2" name="Test_NG.TestNG_TestSuit1" time="0.010" errors="0" timestamp="2022-08-19T16:15:53 IST" skipped="0">
  <testcase classname="Test_NG.TestNG_TestSuit1" name="TC1" time="0.009"/>
  <system-out>
    <![CDATA[running TC1]]>
  </system-out>
  <testcase classname="Test_NG.TestNG_TestSuit1" name="TC2" time="0.001"/>
  <system-out>
    <![CDATA[running TC2]]>
  </system-out>
</testsuite> <!-- Test_NG.TestNG_TestSuit1 -->
