<?xml version="1.0" encoding="UTF-8"?>
<!-- Generated by org.testng.reporters.JUnitReportReporter -->
<testsuite hostname="LAPTOP-HF93BKE2" failures="0" tests="1" name="Test_NG.TestNG_Parallel_Execution1" time="9.550" errors="0" timestamp="2022-08-14T10:03:11 IST" skipped="0">
  <testcase classname="Test_NG.TestNG_Parallel_Execution1" name="openfacebookapp" time="9.550"/>
  <system-out/>
</testsuite> <!-- Test_NG.TestNG_Parallel_Execution1 -->
