<?xml version="1.0" encoding="UTF-8"?>
<!-- Generated by org.testng.reporters.JUnitReportReporter -->
<testsuite hostname="LAPTOP-HF93BKE2" failures="0" tests="3" name="Test_NG.example3_TestNG_keyword3_priority1" time="0.012" errors="0" timestamp="2022-08-19T16:01:11 IST" skipped="0">
  <testcase classname="Test_NG.example3_TestNG_keyword3_priority1" name="TC2" time="0.010"/>
  <system-out>
    <![CDATA[--running TC2--]]>
  </system-out>
  <testcase classname="Test_NG.example3_TestNG_keyword3_priority1" name="TC1" time="0.001"/>
  <system-out>
    <![CDATA[--running TC1--]]>
  </system-out>
  <testcase classname="Test_NG.example3_TestNG_keyword3_priority1" name="TC3" time="0.001"/>
  <system-out>
    <![CDATA[--running TC3--]]>
  </system-out>
</testsuite> <!-- Test_NG.example3_TestNG_keyword3_priority1 -->
