<?xml version="1.0" encoding="UTF-8"?>
<!-- Generated by org.testng.reporters.JUnitReportReporter -->
<testsuite hostname="LAPTOP-HF93BKE2" failures="0" tests="1" name="Test_NG.TestNG_Grouping1" time="0.006" errors="0" timestamp="2022-08-14T09:46:06 IST" skipped="0">
  <testcase classname="Test_NG.TestNG_Grouping1" name="TC4" time="0.006"/>
  <system-out>
    <![CDATA[running TC4]]>
  </system-out>
</testsuite> <!-- Test_NG.TestNG_Grouping1 -->
