<?xml version="1.0" encoding="UTF-8"?>
<!-- Generated by org.testng.reporters.JUnitReportReporter -->
<testsuite hostname="LAPTOP-HF93BKE2" failures="0" tests="2" name="Test_NG.TestNG_multibrowserTesting" time="30.239" errors="1" timestamp="2022-08-17T18:55:41 IST" skipped="0">
  <testcase classname="Test_NG.TestNG_multibrowserTesting" name="TC" time="11.836"/>
  <system-out/>
  <testcase classname="Test_NG.TestNG_multibrowserTesting" name="TC" time="18.403">
    <error message="Could not start a new session. Possible causes are invalid address of the remote server or browser start-up failure." type="org.openqa.selenium.SessionNotCreatedException">
      <![CDATA[org.openqa.selenium.SessionNotCreatedException: Could not start a new session. Possible causes are invalid address of the remote server or browser start-up failure.
at org.openqa.selenium.remote.RemoteWebDriver.execute(RemoteWebDriver.java:606)
at org.openqa.selenium.remote.RemoteWebDriver.startSession(RemoteWebDriver.java:283)
at org.openqa.selenium.remote.RemoteWebDriver.<init>(RemoteWebDriver.java:184)
at org.openqa.selenium.opera.OperaDriver.<init>(OperaDriver.java:134)
at org.openqa.selenium.opera.OperaDriver.<init>(OperaDriver.java:121)
at org.openqa.selenium.opera.OperaDriver.<init>(OperaDriver.java:76)
at Test_NG.TestNG_multibrowserTesting.TC(TestNG_multibrowserTesting.java:36)
at java.base/jdk.internal.reflect.NativeMethodAccessorImpl.invoke0(Native Method)
at java.base/jdk.internal.reflect.NativeMethodAccessorImpl.invoke(NativeMethodAccessorImpl.java:62)
at java.base/jdk.internal.reflect.DelegatingMethodAccessorImpl.invoke(DelegatingMethodAccessorImpl.java:43)
at java.base/java.lang.reflect.Method.invoke(Method.java:566)
at org.testng.internal.MethodInvocationHelper.invokeMethod(MethodInvocationHelper.java:133)
at org.testng.internal.TestInvoker.invokeMethod(TestInvoker.java:598)
at org.testng.internal.TestInvoker.invokeTestMethod(TestInvoker.java:173)
at org.testng.internal.MethodRunner.runInSequence(MethodRunner.java:46)
at org.testng.internal.TestInvoker$MethodInvocationAgent.invoke(TestInvoker.java:824)
at org.testng.internal.TestInvoker.invokeTestMethods(TestInvoker.java:146)
at org.testng.internal.TestMethodWorker.invokeTestMethods(TestMethodWorker.java:146)
at org.testng.internal.TestMethodWorker.run(TestMethodWorker.java:128)
at java.base/java.util.ArrayList.forEach(ArrayList.java:1541)
at org.testng.TestRunner.privateRun(TestRunner.java:794)
at org.testng.TestRunner.run(TestRunner.java:596)
at org.testng.SuiteRunner.runTest(SuiteRunner.java:377)
at org.testng.SuiteRunner.access$000(SuiteRunner.java:28)
at org.testng.SuiteRunner$SuiteWorker.run(SuiteRunner.java:418)
at org.testng.internal.thread.ThreadUtil.lambda$execute$0(ThreadUtil.java:64)
at java.base/java.util.concurrent.FutureTask.run(FutureTask.java:264)
at java.base/java.util.concurrent.ThreadPoolExecutor.runWorker(ThreadPoolExecutor.java:1128)
at java.base/java.util.concurrent.ThreadPoolExecutor$Worker.run(ThreadPoolExecutor.java:628)
at java.base/java.lang.Thread.run(Thread.java:834)
Caused by: org.openqa.selenium.WebDriverException: Driver server process died prematurely.
Build info: version: '4.2.2', revision: '683ccb65d6'
System info: host: 'LAPTOP-HF93BKE2', ip: '192.168.43.226', os.name: 'Windows 11', os.arch: 'amd64', os.version: '10.0', java.version: '11.0.15'
Driver info: driver.version: OperaDriver
at org.openqa.selenium.remote.service.DriverService.start(DriverService.java:226)
at org.openqa.selenium.remote.service.DriverCommandExecutor.execute(DriverCommandExecutor.java:98)
at org.openqa.selenium.remote.RemoteWebDriver.execute(RemoteWebDriver.java:588)
... 29 more
]]>
    </error>
  </testcase> <!-- TC -->
  <system-out/>
</testsuite> <!-- Test_NG.TestNG_multibrowserTesting -->
