<?xml version="1.0" encoding="UTF-8"?>
<!-- Generated by org.testng.reporters.JUnitReportReporter -->
<testsuite hostname="LAPTOP-HF93BKE2" failures="0" tests="2" name="Test_NG.TestNG_TestSuit2" time="0.011" errors="0" timestamp="2022-08-10T19:10:55 IST" skipped="0">
  <testcase classname="Test_NG.TestNG_TestSuit2" name="TC3" time="0.010"/>
  <system-out>
    <![CDATA[running TC3]]>
  </system-out>
  <testcase classname="Test_NG.TestNG_TestSuit2" name="TC4" time="0.001"/>
  <system-out>
    <![CDATA[running TC4]]>
  </system-out>
</testsuite> <!-- Test_NG.TestNG_TestSuit2 -->
