<?xml version="1.0" encoding="UTF-8"?>
<!-- Generated by org.testng.reporters.JUnitReportReporter -->
<testsuite hostname="LAPTOP-HF93BKE2" failures="0" tests="1" name="Test_NG.example5_keyword4_Timeout" time="5.016" errors="0" timestamp="2022-08-19T16:06:50 IST" skipped="0">
  <testcase classname="Test_NG.example5_keyword4_Timeout" name="TC1" time="5.016"/>
  <system-out>
    <![CDATA[running TC1]]>
  </system-out>
</testsuite> <!-- Test_NG.example5_keyword4_Timeout -->
