<?xml version="1.0" encoding="UTF-8"?>
<!-- Generated by org.testng.reporters.JUnitReportReporter -->
<testsuite hostname="LAPTOP-HF93BKE2" failures="0" tests="1" name="TestNG_with_POM.TestNG_POM_With_DDF1" time="1.379" errors="0" timestamp="2022-08-18T16:21:59 IST" skipped="0">
  <testcase classname="TestNG_with_POM.TestNG_POM_With_DDF1" name="getTestNG_POM_With_DDF2ActUserID" time="1.379"/>
  <system-out/>
</testsuite> <!-- TestNG_with_POM.TestNG_POM_With_DDF1 -->
