<?xml version="1.0" encoding="UTF-8"?>
<!-- Generated by org.testng.reporters.JUnitReportReporter -->
<testsuite hostname="LAPTOP-HF93BKE2" failures="0" tests="1" name="Test_NG.TestNG_demo3_Failed_XML_And_Disable_TCE_From_TestSuit" time="0.007" errors="0" timestamp="2022-08-14T10:53:29 IST" skipped="0">
  <testcase classname="Test_NG.TestNG_demo3_Failed_XML_And_Disable_TCE_From_TestSuit" name="TC3" time="0.007"/>
  <system-out>
    <![CDATA[running TC3]]>
  </system-out>
</testsuite> <!-- Test_NG.TestNG_demo3_Failed_XML_And_Disable_TCE_From_TestSuit -->
