<?xml version="1.0" encoding="UTF-8"?>
<!-- Generated by org.testng.reporters.JUnitReportReporter -->
<testsuite hostname="LAPTOP-HF93BKE2" failures="0" tests="5" name="Test_NG.example1_TestNG_keyword1_invocationCount" time="0.012" errors="0" timestamp="2022-08-19T15:58:34 IST" skipped="0">
  <testcase classname="Test_NG.example1_TestNG_keyword1_invocationCount" name="TC1" time="0.000"/>
  <system-out>
    <![CDATA[--running TC1--]]>
  </system-out>
  <testcase classname="Test_NG.example1_TestNG_keyword1_invocationCount" name="TC1" time="0.001"/>
  <system-out>
    <![CDATA[--running TC1--]]>
  </system-out>
  <testcase classname="Test_NG.example1_TestNG_keyword1_invocationCount" name="TC1" time="0.001"/>
  <system-out>
    <![CDATA[--running TC1--]]>
  </system-out>
  <testcase classname="Test_NG.example1_TestNG_keyword1_invocationCount" name="TC1" time="0.010"/>
  <system-out>
    <![CDATA[--running TC1--]]>
  </system-out>
  <testcase classname="Test_NG.example1_TestNG_keyword1_invocationCount" name="TC1" time="0.000"/>
  <system-out>
    <![CDATA[--running TC1--]]>
  </system-out>
</testsuite> <!-- Test_NG.example1_TestNG_keyword1_invocationCount -->
