<?xml version="1.0" encoding="UTF-8"?>
<!-- Generated by org.testng.reporters.JUnitReportReporter -->
<testsuite hostname="LAPTOP-HF93BKE2" failures="0" tests="2" name="Test_NG.example6_keyword5_dependsOnMethod1" time="0.015" errors="0" timestamp="2022-08-19T16:07:38 IST" skipped="0">
  <testcase classname="Test_NG.example6_keyword5_dependsOnMethod1" name="login" time="0.014"/>
  <system-out>
    <![CDATA[running login ]]>
  </system-out>
  <testcase classname="Test_NG.example6_keyword5_dependsOnMethod1" name="logout" time="0.001"/>
  <system-out>
    <![CDATA[running logout]]>
  </system-out>
</testsuite> <!-- Test_NG.example6_keyword5_dependsOnMethod1 -->
